<?xml version="1.0" encoding="UTF-8"?>
<testsuite xmlns:xsi="http://www.w3.org/2001/XMLSchema-instance" xsi:noNamespaceSchemaLocation="https://maven.apache.org/surefire/maven-surefire-plugin/xsd/surefire-test-report-3.0.xsd" version="3.0" name="is.hi.hbv202g.assignmentFinal.ReaderTest" time="0.032" tests="13" errors="0" skipped="0" failures="0">
  <properties>
[...]
</properties>
  <testcase name="addStudentCommand" classname="is.hi.hbv202g.assignmentFinal.ReaderTest" time="0.001">
    <system-out><![CDATA[You are missing the name of the student or if his fee is paid
Use the command: -addStudent -name -feeIsPaid(true/false)
addStudent takes 2 arguments
Use the command: -addStudent -name -feeIsPaid(true/false)
]]></system-out>
  </testcase>
  <testcase name="findBookCommand" classname="is.hi.hbv202g.assignmentFinal.ReaderTest" time="0.001">
    <system-out><![CDATA[the -findBook command takes one argument, the title of the book
Use the command: -findBook -title
the -findBook command takes one argument, the title of the book
Use the command: -findBook -title
]]></system-out>
  </testcase>
  <testcase name="statusCommand" classname="is.hi.hbv202g.assignmentFinal.ReaderTest" time="0.0"/>
  <testcase name="quitCommand" classname="is.hi.hbv202g.assignmentFinal.ReaderTest" time="0.0"/>
  <testcase name="borrowBookCommand" classname="is.hi.hbv202g.assignmentFinal.ReaderTest" time="0.011">
    <system-out><![CDATA[borrowBook takes 2 arguments
Use the command: -borrowBook -user -title
borrowBook takes 2 arguments
Use the command: -borrowBook -user -title
]]></system-out>
  </testcase>
  <testcase name="returnBookCommand" classname="is.hi.hbv202g.assignmentFinal.ReaderTest" time="0.002">
    <system-out><![CDATA[returnBook takes 2 arguments
Use the command: -returnBook -user -title
returnBook takes 2 arguments
Use the command: -returnBook -user -title
]]></system-out>
  </testcase>
  <testcase name="commandNotFound" classname="is.hi.hbv202g.assignmentFinal.ReaderTest" time="0.003">
    <system-out><![CDATA[Please type a legal command
If you need any help, type -help
]]></system-out>
  </testcase>
  <testcase name="addCollectionCommand" classname="is.hi.hbv202g.assignmentFinal.ReaderTest" time="0.002">
    <system-out><![CDATA[addCollection takes the minimum of 5 arguments
Use the command: -addCollection -nameOfCollection -T -title1 -title2... -A -author1 -author2...
]]></system-out>
  </testcase>
  <testcase name="addBookCommand" classname="is.hi.hbv202g.assignmentFinal.ReaderTest" time="0.001">
    <system-out><![CDATA[You are missing a title or a author
to add a book use the command: -addBook -title -author
]]></system-out>
  </testcase>
  <testcase name="addFacultyMemberCommand" classname="is.hi.hbv202g.assignmentFinal.ReaderTest" time="0.003">
    <system-out><![CDATA[You are missing the name of the member or his department
Use the command: -addFacultyMember -name -department 
addFacultyMember takes 2 arguments
Use the command: -addFacultyMember -name -department 
]]></system-out>
  </testcase>
  <testcase name="borrowCollectionCommand" classname="is.hi.hbv202g.assignmentFinal.ReaderTest" time="0.001">
    <system-out><![CDATA[borrowCollection takes 2 arguments
Use the command: -borrowCollection -nameOfCollection -user
borrowCollection takes 2 arguments
Use the command: -borrowCollection -nameOfCollection -user
]]></system-out>
  </testcase>
  <testcase name="helpCommand" classname="is.hi.hbv202g.assignmentFinal.ReaderTest" time="0.0"/>
  <testcase name="findUserCommand" classname="is.hi.hbv202g.assignmentFinal.ReaderTest" time="0.001">
    <system-out><![CDATA[the -findUser command takes one argument, the name of the user
Use the command: -findUser -name
the -findUser command takes one argument, the name of the user
Use the command: -findUser -name
]]></system-out>
  </testcase>
</testsuite>